2026-06-06 00:05:25,105 [INFO] server: ============================================================
2026-06-06 00:05:25,107 [INFO] server:   AEROMODELO — Dashboard de Telemetria
2026-06-06 00:05:25,107 [INFO] server: ============================================================
2026-06-06 00:05:25,108 [INFO] server: Dashboard em: http://localhost:5000
2026-06-06 00:05:25,108 [INFO] server: Ctrl+C para encerrar
2026-06-06 00:05:25,141 [INFO] server: Tentando conectar em COM4 @ 115200
2026-06-06 00:05:25,144 [INFO] werkzeug: [31m[1mWARNING: This is a development server. Do not use it in a production deployment. Use a production WSGI server instead.[0m
 * Running on all addresses (0.0.0.0)
 * Running on http://127.0.0.1:5000
 * Running on http://192.168.100.47:5000
2026-06-06 00:05:25,263 [INFO] server: ✅ Conectado: COM4
2026-06-06 00:05:25,872 [INFO] werkzeug: [33mPress CTRL+C to quit[0m
2026-06-06 00:05:25,900 [INFO] server: CSV: telemetria_20260606_000525.csv
2026-06-06 00:05:26,144 [INFO] server: [ESP32] {'type': 'status', 'armed': 0, 'mode': 0, 'throttle': 0}
2026-06-06 00:05:26,158 [WARNING] server: Controle Xbox não encontrado
2026-06-06 00:05:27,911 [INFO] server: [ESP32] {'type': 'status', 'armed': 0, 'mode': 0, 'throttle': 0}
2026-06-06 00:05:29,911 [INFO] server: [ESP32] {'type': 'status', 'armed': 0, 'mode': 0, 'throttle': 0}
2026-06-06 00:05:31,910 [INFO] server: [ESP32] {'type': 'status', 'armed': 0, 'mode': 0, 'throttle': 0}
2026-06-06 00:05:33,911 [INFO] server: [ESP32] {'type': 'status', 'armed': 0, 'mode': 0, 'throttle': 0}
2026-06-06 00:05:35,158 [ERROR] dashboard: Exception on / [GET]
Traceback (most recent call last):
  File "C:\Users\danie\AppData\Local\Programs\Python\Python310\lib\site-packages\flask\app.py", line 1511, in wsgi_app
    response = self.full_dispatch_request()
  File "C:\Users\danie\AppData\Local\Programs\Python\Python310\lib\site-packages\flask\app.py", line 919, in full_dispatch_request
    rv = self.handle_user_exception(e)
  File "C:\Users\danie\AppData\Local\Programs\Python\Python310\lib\site-packages\flask\app.py", line 917, in full_dispatch_request
    rv = self.dispatch_request()
  File "C:\Users\danie\AppData\Local\Programs\Python\Python310\lib\site-packages\flask\app.py", line 902, in dispatch_request
    return self.ensure_sync(self.view_functions[rule.endpoint])(**view_args)  # type: ignore[no-any-return]
  File "C:\Users\danie\Desktop\Programacao\Aviao_Inteligente\src\main\resources\dashboard.py", line 312, in index
    return render_template("index.html")
  File "C:\Users\danie\AppData\Local\Programs\Python\Python310\lib\site-packages\flask\templating.py", line 150, in render_template
    template = app.jinja_env.get_or_select_template(template_name_or_list)
  File "C:\Users\danie\AppData\Local\Programs\Python\Python310\lib\site-packages\jinja2\environment.py", line 1087, in get_or_select_template
    return self.get_template(template_name_or_list, parent, globals)
  File "C:\Users\danie\AppData\Local\Programs\Python\Python310\lib\site-packages\jinja2\environment.py", line 1016, in get_template
    return self._load_template(name, globals)
  File "C:\Users\danie\AppData\Local\Programs\Python\Python310\lib\site-packages\jinja2\environment.py", line 975, in _load_template
    template = self.loader.load(self, name, self.make_globals(globals))
  File "C:\Users\danie\AppData\Local\Programs\Python\Python310\lib\site-packages\jinja2\loaders.py", line 126, in load
    source, filename, uptodate = self.get_source(environment, name)
  File "C:\Users\danie\AppData\Local\Programs\Python\Python310\lib\site-packages\flask\templating.py", line 66, in get_source
    return self._get_source_fast(environment, template)
  File "C:\Users\danie\AppData\Local\Programs\Python\Python310\lib\site-packages\flask\templating.py", line 100, in _get_source_fast
    raise TemplateNotFound(template)
jinja2.exceptions.TemplateNotFound: index.html
2026-06-06 00:05:35,175 [INFO] werkzeug: 127.0.0.1 - - [06/Jun/2026 00:05:35] "[35m[1mGET / HTTP/1.1[0m" 500 -
2026-06-06 00:05:35,417 [INFO] werkzeug: 127.0.0.1 - - [06/Jun/2026 00:05:35] "[33mGET /favicon.ico HTTP/1.1[0m" 404 -
2026-06-06 00:05:35,911 [INFO] server: [ESP32] {'type': 'status', 'armed': 0, 'mode': 0, 'throttle': 0}
2026-06-06 00:05:37,910 [INFO] server: [ESP32] {'type': 'status', 'armed': 0, 'mode': 0, 'throttle': 0}
2026-06-06 00:05:39,910 [INFO] server: [ESP32] {'type': 'status', 'armed': 0, 'mode': 0, 'throttle': 0}
2026-06-06 00:05:41,910 [INFO] server: [ESP32] {'type': 'status', 'armed': 0, 'mode': 0, 'throttle': 0}
2026-06-06 00:05:43,911 [INFO] server: [ESP32] {'type': 'status', 'armed': 0, 'mode': 0, 'throttle': 0}
2026-06-06 00:05:45,910 [INFO] server: [ESP32] {'type': 'status', 'armed': 0, 'mode': 0, 'throttle': 0}
2026-06-06 00:05:47,910 [INFO] server: [ESP32] {'type': 'status', 'armed': 0, 'mode': 0, 'throttle': 0}
2026-06-06 00:05:49,910 [INFO] server: [ESP32] {'type': 'status', 'armed': 0, 'mode': 0, 'throttle': 0}
2026-06-06 00:05:51,910 [INFO] server: [ESP32] {'type': 'status', 'armed': 0, 'mode': 0, 'throttle': 0}
2026-06-06 00:05:53,910 [INFO] server: [ESP32] {'type': 'status', 'armed': 0, 'mode': 0, 'throttle': 0}
2026-06-06 00:05:55,910 [INFO] server: [ESP32] {'type': 'status', 'armed': 0, 'mode': 0, 'throttle': 0}
2026-06-06 00:05:57,911 [INFO] server: [ESP32] {'type': 'status', 'armed': 0, 'mode': 0, 'throttle': 0}
2026-06-06 00:05:59,910 [INFO] server: [ESP32] {'type': 'status', 'armed': 0, 'mode': 0, 'throttle': 0}
2026-06-06 00:06:01,910 [INFO] server: [ESP32] {'type': 'status', 'armed': 0, 'mode': 0, 'throttle': 0}
2026-06-06 00:06:03,911 [INFO] server: [ESP32] {'type': 'status', 'armed': 0, 'mode': 0, 'throttle': 0}
2026-06-06 00:06:05,910 [INFO] server: [ESP32] {'type': 'status', 'armed': 0, 'mode': 0, 'throttle': 0}
2026-06-06 00:06:07,909 [INFO] server: [ESP32] {'type': 'status', 'armed': 0, 'mode': 0, 'throttle': 0}
2026-06-06 00:06:09,910 [INFO] server: [ESP32] {'type': 'status', 'armed': 0, 'mode': 0, 'throttle': 0}
2026-06-06 00:06:11,909 [INFO] server: [ESP32] {'type': 'status', 'armed': 0, 'mode': 0, 'throttle': 0}
2026-06-06 00:06:13,909 [INFO] server: [ESP32] {'type': 'status', 'armed': 0, 'mode': 0, 'throttle': 0}
2026-06-06 00:06:15,909 [INFO] server: [ESP32] {'type': 'status', 'armed': 0, 'mode': 0, 'throttle': 0}
2026-06-06 00:06:17,908 [INFO] server: [ESP32] {'type': 'status', 'armed': 0, 'mode': 0, 'throttle': 0}
2026-06-06 00:06:19,909 [INFO] server: [ESP32] {'type': 'status', 'armed': 0, 'mode': 0, 'throttle': 0}
2026-06-06 00:06:21,909 [INFO] server: [ESP32] {'type': 'status', 'armed': 0, 'mode': 0, 'throttle': 0}
2026-06-06 00:06:23,909 [INFO] server: [ESP32] {'type': 'status', 'armed': 0, 'mode': 0, 'throttle': 0}
2026-06-06 00:06:25,909 [INFO] server: [ESP32] {'type': 'status', 'armed': 0, 'mode': 0, 'throttle': 0}
2026-06-06 00:06:27,909 [INFO] server: [ESP32] {'type': 'status', 'armed': 0, 'mode': 0, 'throttle': 0}
2026-06-06 00:06:29,909 [INFO] server: [ESP32] {'type': 'status', 'armed': 0, 'mode': 0, 'throttle': 0}
2026-06-06 00:06:31,909 [INFO] server: [ESP32] {'type': 'status', 'armed': 0, 'mode': 0, 'throttle': 0}
2026-06-06 00:06:33,912 [INFO] server: [ESP32] {'type': 'status', 'armed': 0, 'mode': 0, 'throttle': 0}
2026-06-06 00:06:35,909 [INFO] server: [ESP32] {'type': 'status', 'armed': 0, 'mode': 0, 'throttle': 0}
2026-06-06 00:06:37,908 [INFO] server: [ESP32] {'type': 'status', 'armed': 0, 'mode': 0, 'throttle': 0}
2026-06-06 00:06:39,908 [INFO] server: [ESP32] {'type': 'status', 'armed': 0, 'mode': 0, 'throttle': 0}
2026-06-06 00:06:41,908 [INFO] server: [ESP32] {'type': 'status', 'armed': 0, 'mode': 0, 'throttle': 0}
2026-06-06 00:06:43,908 [INFO] server: [ESP32] {'type': 'status', 'armed': 0, 'mode': 0, 'throttle': 0}
2026-06-06 00:06:45,908 [INFO] server: [ESP32] {'type': 'status', 'armed': 0, 'mode': 0, 'throttle': 0}
2026-06-06 00:06:47,908 [INFO] server: [ESP32] {'type': 'status', 'armed': 0, 'mode': 0, 'throttle': 0}
2026-06-06 00:06:49,908 [INFO] server: [ESP32] {'type': 'status', 'armed': 0, 'mode': 0, 'throttle': 0}
2026-06-06 00:06:51,909 [INFO] server: [ESP32] {'type': 'status', 'armed': 0, 'mode': 0, 'throttle': 0}
2026-06-06 00:06:53,909 [INFO] server: [ESP32] {'type': 'status', 'armed': 0, 'mode': 0, 'throttle': 0}
2026-06-06 00:06:55,908 [INFO] server: [ESP32] {'type': 'status', 'armed': 0, 'mode': 0, 'throttle': 0}
2026-06-06 00:06:57,908 [INFO] server: [ESP32] {'type': 'status', 'armed': 0, 'mode': 0, 'throttle': 0}
2026-06-06 00:06:59,908 [INFO] server: [ESP32] {'type': 'status', 'armed': 0, 'mode': 0, 'throttle': 0}
2026-06-06 00:07:01,908 [INFO] server: [ESP32] {'type': 'status', 'armed': 0, 'mode': 0, 'throttle': 0}
2026-06-06 00:07:03,908 [INFO] server: [ESP32] {'type': 'status', 'armed': 0, 'mode': 0, 'throttle': 0}
2026-06-06 00:07:05,908 [INFO] server: [ESP32] {'type': 'status', 'armed': 0, 'mode': 0, 'throttle': 0}
2026-06-06 00:07:07,907 [INFO] server: [ESP32] {'type': 'status', 'armed': 0, 'mode': 0, 'throttle': 0}
2026-06-06 00:07:09,908 [INFO] server: [ESP32] {'type': 'status', 'armed': 0, 'mode': 0, 'throttle': 0}
2026-06-06 00:07:11,907 [INFO] server: [ESP32] {'type': 'status', 'armed': 0, 'mode': 0, 'throttle': 0}
2026-06-06 00:07:13,908 [INFO] server: [ESP32] {'type': 'status', 'armed': 0, 'mode': 0, 'throttle': 0}
2026-06-06 00:07:15,907 [INFO] server: [ESP32] {'type': 'status', 'armed': 0, 'mode': 0, 'throttle': 0}
2026-06-06 00:07:17,907 [INFO] server: [ESP32] {'type': 'status', 'armed': 0, 'mode': 0, 'throttle': 0}
2026-06-06 00:07:19,907 [INFO] server: [ESP32] {'type': 'status', 'armed': 0, 'mode': 0, 'throttle': 0}
2026-06-06 00:07:21,907 [INFO] server: [ESP32] {'type': 'status', 'armed': 0, 'mode': 0, 'throttle': 0}
2026-06-06 00:07:23,907 [INFO] server: [ESP32] {'type': 'status', 'armed': 0, 'mode': 0, 'throttle': 0}
2026-06-06 00:07:25,907 [INFO] server: [ESP32] {'type': 'status', 'armed': 0, 'mode': 0, 'throttle': 0}
2026-06-06 00:07:27,907 [INFO] server: [ESP32] {'type': 'status', 'armed': 0, 'mode': 0, 'throttle': 0}
2026-06-06 00:07:29,907 [INFO] server: [ESP32] {'type': 'status', 'armed': 0, 'mode': 0, 'throttle': 0}
2026-06-06 00:07:31,907 [INFO] server: [ESP32] {'type': 'status', 'armed': 0, 'mode': 0, 'throttle': 0}
2026-06-06 00:07:33,907 [INFO] server: [ESP32] {'type': 'status', 'armed': 0, 'mode': 0, 'throttle': 0}
2026-06-06 00:07:35,907 [INFO] server: [ESP32] {'type': 'status', 'armed': 0, 'mode': 0, 'throttle': 0}
2026-06-06 00:07:37,907 [INFO] server: [ESP32] {'type': 'status', 'armed': 0, 'mode': 0, 'throttle': 0}
2026-06-06 00:07:39,907 [INFO] server: [ESP32] {'type': 'status', 'armed': 0, 'mode': 0, 'throttle': 0}
2026-06-06 00:07:41,907 [INFO] server: [ESP32] {'type': 'status', 'armed': 0, 'mode': 0, 'throttle': 0}
2026-06-06 00:07:43,907 [INFO] server: [ESP32] {'type': 'status', 'armed': 0, 'mode': 0, 'throttle': 0}
2026-06-06 00:07:45,907 [INFO] server: [ESP32] {'type': 'status', 'armed': 0, 'mode': 0, 'throttle': 0}
2026-06-06 00:07:47,907 [INFO] server: [ESP32] {'type': 'status', 'armed': 0, 'mode': 0, 'throttle': 0}
2026-06-06 00:07:49,907 [INFO] server: [ESP32] {'type': 'status', 'armed': 0, 'mode': 0, 'throttle': 0}
2026-06-06 00:07:51,905 [INFO] server: [ESP32] {'type': 'status', 'armed': 0, 'mode': 0, 'throttle': 0}
2026-06-06 00:07:53,907 [INFO] server: [ESP32] {'type': 'status', 'armed': 0, 'mode': 0, 'throttle': 0}
2026-06-06 00:07:55,907 [INFO] server: [ESP32] {'type': 'status', 'armed': 0, 'mode': 0, 'throttle': 0}
2026-06-06 00:07:57,905 [INFO] server: [ESP32] {'type': 'status', 'armed': 0, 'mode': 0, 'throttle': 0}
2026-06-06 00:07:59,907 [INFO] server: [ESP32] {'type': 'status', 'armed': 0, 'mode': 0, 'throttle': 0}
2026-06-06 00:08:01,907 [INFO] server: [ESP32] {'type': 'status', 'armed': 0, 'mode': 0, 'throttle': 0}
2026-06-06 00:08:03,907 [INFO] server: [ESP32] {'type': 'status', 'armed': 0, 'mode': 0, 'throttle': 0}
2026-06-06 00:08:05,906 [INFO] server: [ESP32] {'type': 'status', 'armed': 0, 'mode': 0, 'throttle': 0}
2026-06-06 00:08:07,906 [INFO] server: [ESP32] {'type': 'status', 'armed': 0, 'mode': 0, 'throttle': 0}
2026-06-06 00:08:09,906 [INFO] server: [ESP32] {'type': 'status', 'armed': 0, 'mode': 0, 'throttle': 0}
2026-06-06 00:08:11,907 [INFO] server: [ESP32] {'type': 'status', 'armed': 0, 'mode': 0, 'throttle': 0}
2026-06-06 00:08:31,217 [INFO] server: ============================================================
2026-06-06 00:08:31,217 [INFO] server:   AEROMODELO — Dashboard de Telemetria
2026-06-06 00:08:31,217 [INFO] server: ============================================================
2026-06-06 00:08:31,219 [INFO] server: Dashboard em: http://localhost:5000
2026-06-06 00:08:31,219 [INFO] server: Ctrl+C para encerrar
2026-06-06 00:08:31,253 [INFO] server: Tentando conectar em COM4 @ 115200
2026-06-06 00:08:31,255 [INFO] werkzeug: [31m[1mWARNING: This is a development server. Do not use it in a production deployment. Use a production WSGI server instead.[0m
 * Running on all addresses (0.0.0.0)
 * Running on http://127.0.0.1:5000
 * Running on http://192.168.100.47:5000
2026-06-06 00:08:31,255 [INFO] werkzeug: [33mPress CTRL+C to quit[0m
2026-06-06 00:08:31,375 [INFO] server: ✅ Conectado: COM4
2026-06-06 00:08:31,382 [INFO] server: [serial] ,K҂bʅ݉:0,"alt":0,"lat":0,"lon":0,"spd":0,"vbat":0,"rssi":0}
2026-06-06 00:08:31,398 [INFO] server: CSV: telemetria_20260606_000831.csv
2026-06-06 00:08:31,845 [WARNING] server: Controle Xbox não encontrado
2026-06-06 00:08:31,905 [INFO] server: [ESP32] {'type': 'status', 'armed': 0, 'mode': 0, 'throttle': 0}
2026-06-06 00:08:33,906 [INFO] server: [ESP32] {'type': 'status', 'armed': 0, 'mode': 0, 'throttle': 0}
2026-06-06 00:08:35,904 [INFO] server: [ESP32] {'type': 'status', 'armed': 0, 'mode': 0, 'throttle': 0}
2026-06-06 00:08:37,444 [INFO] werkzeug: 127.0.0.1 - - [06/Jun/2026 00:08:37] "GET / HTTP/1.1" 200 -
2026-06-06 00:08:37,905 [INFO] server: [ESP32] {'type': 'status', 'armed': 0, 'mode': 0, 'throttle': 0}
2026-06-06 00:08:39,905 [INFO] server: [ESP32] {'type': 'status', 'armed': 0, 'mode': 0, 'throttle': 0}
2026-06-06 00:08:41,905 [INFO] server: [ESP32] {'type': 'status', 'armed': 0, 'mode': 0, 'throttle': 0}
2026-06-06 00:08:43,906 [INFO] server: [ESP32] {'type': 'status', 'armed': 0, 'mode': 0, 'throttle': 0}
2026-06-06 00:08:45,905 [INFO] server: [ESP32] {'type': 'status', 'armed': 0, 'mode': 0, 'throttle': 0}
2026-06-06 00:08:47,905 [INFO] server: [ESP32] {'type': 'status', 'armed': 0, 'mode': 0, 'throttle': 0}
2026-06-06 00:08:49,905 [INFO] server: [ESP32] {'type': 'status', 'armed': 0, 'mode': 0, 'throttle': 0}
2026-06-06 00:08:51,904 [INFO] server: [ESP32] {'type': 'status', 'armed': 0, 'mode': 0, 'throttle': 0}
2026-06-06 00:08:53,905 [INFO] server: [ESP32] {'type': 'status', 'armed': 0, 'mode': 0, 'throttle': 0}
2026-06-06 00:08:55,904 [INFO] server: [ESP32] {'type': 'status', 'armed': 0, 'mode': 0, 'throttle': 0}
2026-06-06 00:08:57,904 [INFO] server: [ESP32] {'type': 'status', 'armed': 0, 'mode': 0, 'throttle': 0}
2026-06-06 00:08:59,904 [INFO] server: [ESP32] {'type': 'status', 'armed': 0, 'mode': 0, 'throttle': 0}
2026-06-06 00:09:01,905 [INFO] server: [ESP32] {'type': 'status', 'armed': 0, 'mode': 0, 'throttle': 0}
2026-06-06 00:09:03,904 [INFO] server: [ESP32] {'type': 'status', 'armed': 0, 'mode': 0, 'throttle': 0}
2026-06-06 00:09:05,905 [INFO] server: [ESP32] {'type': 'status', 'armed': 0, 'mode': 0, 'throttle': 0}
2026-06-06 00:09:07,905 [INFO] server: [ESP32] {'type': 'status', 'armed': 0, 'mode': 0, 'throttle': 0}
2026-06-06 00:09:09,905 [INFO] server: [ESP32] {'type': 'status', 'armed': 0, 'mode': 0, 'throttle': 0}
2026-06-06 00:09:11,905 [INFO] server: [ESP32] {'type': 'status', 'armed': 0, 'mode': 0, 'throttle': 0}
2026-06-06 00:09:13,905 [INFO] server: [ESP32] {'type': 'status', 'armed': 0, 'mode': 0, 'throttle': 0}
2026-06-06 00:09:15,904 [INFO] server: [ESP32] {'type': 'status', 'armed': 0, 'mode': 0, 'throttle': 0}
2026-06-06 00:09:17,904 [INFO] server: [ESP32] {'type': 'status', 'armed': 0, 'mode': 0, 'throttle': 0}
2026-06-06 00:09:19,904 [INFO] server: [ESP32] {'type': 'status', 'armed': 0, 'mode': 0, 'throttle': 0}
2026-06-06 00:09:21,904 [INFO] server: [ESP32] {'type': 'status', 'armed': 0, 'mode': 0, 'throttle': 0}
2026-06-06 00:09:23,903 [INFO] server: [ESP32] {'type': 'status', 'armed': 0, 'mode': 0, 'throttle': 0}
2026-06-06 00:09:25,904 [INFO] server: [ESP32] {'type': 'status', 'armed': 0, 'mode': 0, 'throttle': 0}
2026-06-06 00:09:27,904 [INFO] server: [ESP32] {'type': 'status', 'armed': 0, 'mode': 0, 'throttle': 0}
2026-06-06 00:09:29,903 [INFO] server: [ESP32] {'type': 'status', 'armed': 0, 'mode': 0, 'throttle': 0}
2026-06-06 00:09:31,904 [INFO] server: [ESP32] {'type': 'status', 'armed': 0, 'mode': 0, 'throttle': 0}
2026-06-06 00:09:33,904 [INFO] server: [ESP32] {'type': 'status', 'armed': 0, 'mode': 0, 'throttle': 0}
2026-06-06 00:09:35,904 [INFO] server: [ESP32] {'type': 'status', 'armed': 0, 'mode': 0, 'throttle': 0}
2026-06-06 00:09:37,903 [INFO] server: [ESP32] {'type': 'status', 'armed': 0, 'mode': 0, 'throttle': 0}
2026-06-06 00:09:39,904 [INFO] server: [ESP32] {'type': 'status', 'armed': 0, 'mode': 0, 'throttle': 0}
2026-06-06 00:09:41,903 [INFO] server: [ESP32] {'type': 'status', 'armed': 0, 'mode': 0, 'throttle': 0}
2026-06-06 00:09:43,903 [INFO] server: [ESP32] {'type': 'status', 'armed': 0, 'mode': 0, 'throttle': 0}
2026-06-06 00:09:45,904 [INFO] server: [ESP32] {'type': 'status', 'armed': 0, 'mode': 0, 'throttle': 0}
2026-06-06 00:09:47,902 [INFO] server: [ESP32] {'type': 'status', 'armed': 0, 'mode': 0, 'throttle': 0}
2026-06-06 00:09:49,903 [INFO] server: [ESP32] {'type': 'status', 'armed': 0, 'mode': 0, 'throttle': 0}
2026-06-06 00:09:51,904 [INFO] server: [ESP32] {'type': 'status', 'armed': 0, 'mode': 0, 'throttle': 0}
2026-06-06 00:09:53,904 [INFO] server: [ESP32] {'type': 'status', 'armed': 0, 'mode': 0, 'throttle': 0}
2026-06-06 00:09:55,904 [INFO] server: [ESP32] {'type': 'status', 'armed': 0, 'mode': 0, 'throttle': 0}
2026-06-06 00:09:57,904 [INFO] server: [ESP32] {'type': 'status', 'armed': 0, 'mode': 0, 'throttle': 0}
2026-06-06 00:09:59,902 [INFO] server: [ESP32] {'type': 'status', 'armed': 0, 'mode': 0, 'throttle': 0}
2026-06-06 00:10:01,903 [INFO] server: [ESP32] {'type': 'status', 'armed': 0, 'mode': 0, 'throttle': 0}
2026-06-06 00:10:03,902 [INFO] server: [ESP32] {'type': 'status', 'armed': 0, 'mode': 0, 'throttle': 0}
2026-06-06 00:10:05,903 [INFO] server: [ESP32] {'type': 'status', 'armed': 0, 'mode': 0, 'throttle': 0}
2026-06-06 00:10:07,903 [INFO] server: [ESP32] {'type': 'status', 'armed': 0, 'mode': 0, 'throttle': 0}
2026-06-06 00:10:09,903 [INFO] server: [ESP32] {'type': 'status', 'armed': 0, 'mode': 0, 'throttle': 0}
2026-06-06 00:10:11,903 [INFO] server: [ESP32] {'type': 'status', 'armed': 0, 'mode': 0, 'throttle': 0}
2026-06-06 00:10:13,903 [INFO] server: [ESP32] {'type': 'status', 'armed': 0, 'mode': 0, 'throttle': 0}
2026-06-06 00:10:15,902 [INFO] server: [ESP32] {'type': 'status', 'armed': 0, 'mode': 0, 'throttle': 0}
2026-06-06 00:10:17,903 [INFO] server: [ESP32] {'type': 'status', 'armed': 0, 'mode': 0, 'throttle': 0}
2026-06-06 00:10:19,903 [INFO] server: [ESP32] {'type': 'status', 'armed': 0, 'mode': 0, 'throttle': 0}
2026-06-06 00:10:21,902 [INFO] server: [ESP32] {'type': 'status', 'armed': 0, 'mode': 0, 'throttle': 0}
2026-06-06 00:10:23,903 [INFO] server: [ESP32] {'type': 'status', 'armed': 0, 'mode': 0, 'throttle': 0}
2026-06-06 00:10:25,903 [INFO] server: [ESP32] {'type': 'status', 'armed': 0, 'mode': 0, 'throttle': 0}
2026-06-06 00:10:27,902 [INFO] server: [ESP32] {'type': 'status', 'armed': 0, 'mode': 0, 'throttle': 0}
2026-06-06 00:10:29,902 [INFO] server: [ESP32] {'type': 'status', 'armed': 0, 'mode': 0, 'throttle': 0}
2026-06-06 00:10:31,902 [INFO] server: [ESP32] {'type': 'status', 'armed': 0, 'mode': 0, 'throttle': 0}
2026-06-06 00:10:33,902 [INFO] server: [ESP32] {'type': 'status', 'armed': 0, 'mode': 0, 'throttle': 0}
2026-06-06 00:10:35,902 [INFO] server: [ESP32] {'type': 'status', 'armed': 0, 'mode': 0, 'throttle': 0}
2026-06-06 00:10:37,902 [INFO] server: [ESP32] {'type': 'status', 'armed': 0, 'mode': 0, 'throttle': 0}
2026-06-06 00:10:39,901 [INFO] server: [ESP32] {'type': 'status', 'armed': 0, 'mode': 0, 'throttle': 0}
2026-06-06 00:10:41,902 [INFO] server: [ESP32] {'type': 'status', 'armed': 0, 'mode': 0, 'throttle': 0}
2026-06-06 00:10:43,903 [INFO] server: [ESP32] {'type': 'status', 'armed': 0, 'mode': 0, 'throttle': 0}
2026-06-06 00:10:45,902 [INFO] server: [ESP32] {'type': 'status', 'armed': 0, 'mode': 0, 'throttle': 0}
2026-06-06 00:10:47,901 [INFO] server: [ESP32] {'type': 'status', 'armed': 0, 'mode': 0, 'throttle': 0}
2026-06-06 00:10:49,901 [INFO] server: [ESP32] {'type': 'status', 'armed': 0, 'mode': 0, 'throttle': 0}
2026-06-06 00:10:51,902 [INFO] server: [ESP32] {'type': 'status', 'armed': 0, 'mode': 0, 'throttle': 0}
2026-06-06 00:10:53,902 [INFO] server: [ESP32] {'type': 'status', 'armed': 0, 'mode': 0, 'throttle': 0}
2026-06-06 00:10:55,901 [INFO] server: [ESP32] {'type': 'status', 'armed': 0, 'mode': 0, 'throttle': 0}
2026-06-06 00:10:57,902 [INFO] server: [ESP32] {'type': 'status', 'armed': 0, 'mode': 0, 'throttle': 0}
2026-06-06 00:10:59,901 [INFO] server: [ESP32] {'type': 'status', 'armed': 0, 'mode': 0, 'throttle': 0}
2026-06-06 00:11:01,901 [INFO] server: [ESP32] {'type': 'status', 'armed': 0, 'mode': 0, 'throttle': 0}
2026-06-06 00:11:03,900 [INFO] server: [ESP32] {'type': 'status', 'armed': 0, 'mode': 0, 'throttle': 0}
2026-06-06 00:11:05,902 [INFO] server: [ESP32] {'type': 'status', 'armed': 0, 'mode': 0, 'throttle': 0}
2026-06-06 00:11:07,902 [INFO] server: [ESP32] {'type': 'status', 'armed': 0, 'mode': 0, 'throttle': 0}
2026-06-06 00:11:09,902 [INFO] server: [ESP32] {'type': 'status', 'armed': 0, 'mode': 0, 'throttle': 0}
2026-06-06 00:11:11,901 [INFO] server: [ESP32] {'type': 'status', 'armed': 0, 'mode': 0, 'throttle': 0}
2026-06-06 00:11:13,902 [INFO] server: [ESP32] {'type': 'status', 'armed': 0, 'mode': 0, 'throttle': 0}
2026-06-06 00:11:15,901 [INFO] server: [ESP32] {'type': 'status', 'armed': 0, 'mode': 0, 'throttle': 0}
2026-06-06 00:11:17,901 [INFO] server: [ESP32] {'type': 'status', 'armed': 0, 'mode': 0, 'throttle': 0}
2026-06-06 00:11:19,901 [INFO] server: [ESP32] {'type': 'status', 'armed': 0, 'mode': 0, 'throttle': 0}
2026-06-06 00:11:21,901 [INFO] server: [ESP32] {'type': 'status', 'armed': 0, 'mode': 0, 'throttle': 0}
2026-06-06 00:11:23,901 [INFO] server: [ESP32] {'type': 'status', 'armed': 0, 'mode': 0, 'throttle': 0}
2026-06-06 00:11:25,900 [INFO] server: [ESP32] {'type': 'status', 'armed': 0, 'mode': 0, 'throttle': 0}
2026-06-06 00:11:27,901 [INFO] server: [ESP32] {'type': 'status', 'armed': 0, 'mode': 0, 'throttle': 0}
2026-06-06 00:11:29,900 [INFO] server: [ESP32] {'type': 'status', 'armed': 0, 'mode': 0, 'throttle': 0}
2026-06-06 00:11:31,900 [INFO] server: [ESP32] {'type': 'status', 'armed': 0, 'mode': 0, 'throttle': 0}
2026-06-06 00:11:33,901 [INFO] server: [ESP32] {'type': 'status', 'armed': 0, 'mode': 0, 'throttle': 0}
2026-06-06 00:11:35,900 [INFO] server: [ESP32] {'type': 'status', 'armed': 0, 'mode': 0, 'throttle': 0}
2026-06-06 00:11:37,901 [INFO] server: [ESP32] {'type': 'status', 'armed': 0, 'mode': 0, 'throttle': 0}
2026-06-06 00:11:39,900 [INFO] server: [ESP32] {'type': 'status', 'armed': 0, 'mode': 0, 'throttle': 0}
2026-06-06 00:11:41,901 [INFO] server: [ESP32] {'type': 'status', 'armed': 0, 'mode': 0, 'throttle': 0}
2026-06-06 00:11:43,900 [INFO] server: [ESP32] {'type': 'status', 'armed': 0, 'mode': 0, 'throttle': 0}
2026-06-06 00:11:45,899 [INFO] server: [ESP32] {'type': 'status', 'armed': 0, 'mode': 0, 'throttle': 0}
2026-06-06 00:11:47,899 [INFO] server: [ESP32] {'type': 'status', 'armed': 0, 'mode': 0, 'throttle': 0}
2026-06-06 00:11:49,900 [INFO] server: [ESP32] {'type': 'status', 'armed': 0, 'mode': 0, 'throttle': 0}
2026-06-06 00:11:51,900 [INFO] server: [ESP32] {'type': 'status', 'armed': 0, 'mode': 0, 'throttle': 0}
2026-06-06 00:11:53,900 [INFO] server: [ESP32] {'type': 'status', 'armed': 0, 'mode': 0, 'throttle': 0}
2026-06-06 00:11:55,899 [INFO] server: [ESP32] {'type': 'status', 'armed': 0, 'mode': 0, 'throttle': 0}
2026-06-06 00:11:57,900 [INFO] server: [ESP32] {'type': 'status', 'armed': 0, 'mode': 0, 'throttle': 0}
2026-06-06 00:11:59,900 [INFO] server: [ESP32] {'type': 'status', 'armed': 0, 'mode': 0, 'throttle': 0}
2026-06-06 00:12:01,899 [INFO] server: [ESP32] {'type': 'status', 'armed': 0, 'mode': 0, 'throttle': 0}
2026-06-06 00:12:03,900 [INFO] server: [ESP32] {'type': 'status', 'armed': 0, 'mode': 0, 'throttle': 0}
2026-06-06 00:12:05,900 [INFO] server: [ESP32] {'type': 'status', 'armed': 0, 'mode': 0, 'throttle': 0}
2026-06-06 00:12:07,898 [INFO] server: [ESP32] {'type': 'status', 'armed': 0, 'mode': 0, 'throttle': 0}
2026-06-06 00:12:09,900 [INFO] server: [ESP32] {'type': 'status', 'armed': 0, 'mode': 0, 'throttle': 0}
2026-06-06 00:12:11,900 [INFO] server: [ESP32] {'type': 'status', 'armed': 0, 'mode': 0, 'throttle': 0}
2026-06-06 00:12:13,899 [INFO] server: [ESP32] {'type': 'status', 'armed': 0, 'mode': 0, 'throttle': 0}
2026-06-06 00:12:15,899 [INFO] server: [ESP32] {'type': 'status', 'armed': 0, 'mode': 0, 'throttle': 0}
2026-06-06 00:12:17,898 [INFO] server: [ESP32] {'type': 'status', 'armed': 0, 'mode': 0, 'throttle': 0}
2026-06-06 00:12:19,899 [INFO] server: [ESP32] {'type': 'status', 'armed': 0, 'mode': 0, 'throttle': 0}
2026-06-06 00:12:21,898 [INFO] server: [ESP32] {'type': 'status', 'armed': 0, 'mode': 0, 'throttle': 0}
2026-06-06 00:12:23,899 [INFO] server: [ESP32] {'type': 'status', 'armed': 0, 'mode': 0, 'throttle': 0}
2026-06-06 00:12:25,899 [INFO] server: [ESP32] {'type': 'status', 'armed': 0, 'mode': 0, 'throttle': 0}
2026-06-06 00:12:27,900 [INFO] server: [ESP32] {'type': 'status', 'armed': 0, 'mode': 0, 'throttle': 0}
2026-06-06 00:12:29,898 [INFO] server: [ESP32] {'type': 'status', 'armed': 0, 'mode': 0, 'throttle': 0}
2026-06-06 00:12:31,898 [INFO] server: [ESP32] {'type': 'status', 'armed': 0, 'mode': 0, 'throttle': 0}
2026-06-06 00:12:33,898 [INFO] server: [ESP32] {'type': 'status', 'armed': 0, 'mode': 0, 'throttle': 0}
2026-06-06 00:12:35,898 [INFO] server: [ESP32] {'type': 'status', 'armed': 0, 'mode': 0, 'throttle': 0}
2026-06-06 00:12:37,898 [INFO] server: [ESP32] {'type': 'status', 'armed': 0, 'mode': 0, 'throttle': 0}
2026-06-06 00:12:39,898 [INFO] server: [ESP32] {'type': 'status', 'armed': 0, 'mode': 0, 'throttle': 0}
2026-06-06 00:12:41,898 [INFO] server: [ESP32] {'type': 'status', 'armed': 0, 'mode': 0, 'throttle': 0}
2026-06-06 00:12:43,898 [INFO] server: [ESP32] {'type': 'status', 'armed': 0, 'mode': 0, 'throttle': 0}
2026-06-06 00:12:45,897 [INFO] server: [ESP32] {'type': 'status', 'armed': 0, 'mode': 0, 'throttle': 0}
2026-06-06 00:12:47,897 [INFO] server: [ESP32] {'type': 'status', 'armed': 0, 'mode': 0, 'throttle': 0}
2026-06-06 00:12:49,898 [INFO] server: [ESP32] {'type': 'status', 'armed': 0, 'mode': 0, 'throttle': 0}
2026-06-06 00:12:51,898 [INFO] server: [ESP32] {'type': 'status', 'armed': 0, 'mode': 0, 'throttle': 0}
2026-06-06 00:12:53,899 [INFO] server: [ESP32] {'type': 'status', 'armed': 0, 'mode': 0, 'throttle': 0}
2026-06-06 00:12:55,897 [INFO] server: [ESP32] {'type': 'status', 'armed': 0, 'mode': 0, 'throttle': 0}
2026-06-06 00:12:57,898 [INFO] server: [ESP32] {'type': 'status', 'armed': 0, 'mode': 0, 'throttle': 0}
2026-06-06 00:12:59,898 [INFO] server: [ESP32] {'type': 'status', 'armed': 0, 'mode': 0, 'throttle': 0}
2026-06-06 00:13:01,898 [INFO] server: [ESP32] {'type': 'status', 'armed': 0, 'mode': 0, 'throttle': 0}
2026-06-06 00:13:03,897 [INFO] server: [ESP32] {'type': 'status', 'armed': 0, 'mode': 0, 'throttle': 0}
2026-06-06 00:13:05,374 [INFO] werkzeug: 127.0.0.1 - - [06/Jun/2026 00:13:05] "GET / HTTP/1.1" 200 -
2026-06-06 00:13:05,898 [INFO] server: [ESP32] {'type': 'status', 'armed': 0, 'mode': 0, 'throttle': 0}
2026-06-06 00:13:07,897 [INFO] server: [ESP32] {'type': 'status', 'armed': 0, 'mode': 0, 'throttle': 0}
2026-06-06 00:13:17,152 [INFO] server: ============================================================
2026-06-06 00:13:17,152 [INFO] server:   AEROMODELO — Dashboard de Telemetria
2026-06-06 00:13:17,152 [INFO] server: ============================================================
2026-06-06 00:13:17,154 [INFO] server: Dashboard em: http://localhost:5000
2026-06-06 00:13:17,154 [INFO] server: Ctrl+C para encerrar
2026-06-06 00:13:17,187 [INFO] server: Tentando conectar em COM4 @ 115200
2026-06-06 00:13:17,188 [INFO] werkzeug: [31m[1mWARNING: This is a development server. Do not use it in a production deployment. Use a production WSGI server instead.[0m
 * Running on all addresses (0.0.0.0)
 * Running on http://127.0.0.1:5000
 * Running on http://192.168.100.47:5000
2026-06-06 00:13:17,188 [INFO] werkzeug: [33mPress CTRL+C to quit[0m
2026-06-06 00:13:17,247 [INFO] server: ✅ Conectado: COM4
2026-06-06 00:13:17,247 [INFO] server: [serial] 5
2026-06-06 00:13:17,271 [INFO] server: CSV: telemetria_20260606_001317.csv
2026-06-06 00:13:17,746 [WARNING] server: Controle Xbox não encontrado
2026-06-06 00:13:17,897 [INFO] server: [ESP32] {'type': 'status', 'armed': 0, 'mode': 0, 'throttle': 0}
2026-06-06 00:13:19,900 [INFO] server: [ESP32] {'type': 'status', 'armed': 0, 'mode': 0, 'throttle': 0}
2026-06-06 00:13:20,065 [INFO] werkzeug: 127.0.0.1 - - [06/Jun/2026 00:13:20] "GET / HTTP/1.1" 200 -
2026-06-06 00:13:20,633 [INFO] werkzeug: 127.0.0.1 - - [06/Jun/2026 00:13:20] "GET /stream HTTP/1.1" 200 -
2026-06-06 00:13:21,896 [INFO] server: [ESP32] {'type': 'status', 'armed': 0, 'mode': 0, 'throttle': 0}
2026-06-06 00:13:23,897 [INFO] server: [ESP32] {'type': 'status', 'armed': 0, 'mode': 0, 'throttle': 0}
2026-06-06 00:13:25,898 [INFO] server: [ESP32] {'type': 'status', 'armed': 0, 'mode': 0, 'throttle': 0}
2026-06-06 00:13:27,898 [INFO] server: [ESP32] {'type': 'status', 'armed': 0, 'mode': 0, 'throttle': 0}
2026-06-06 00:13:29,898 [INFO] server: [ESP32] {'type': 'status', 'armed': 0, 'mode': 0, 'throttle': 0}
2026-06-06 00:13:31,896 [INFO] server: [ESP32] {'type': 'status', 'armed': 0, 'mode': 0, 'throttle': 0}
2026-06-06 00:13:33,896 [INFO] server: [ESP32] {'type': 'status', 'armed': 0, 'mode': 0, 'throttle': 0}
2026-06-06 00:13:35,896 [INFO] server: [ESP32] {'type': 'status', 'armed': 0, 'mode': 0, 'throttle': 0}
2026-06-06 00:13:37,897 [INFO] server: [ESP32] {'type': 'status', 'armed': 0, 'mode': 0, 'throttle': 0}
2026-06-06 00:13:39,897 [INFO] server: [ESP32] {'type': 'status', 'armed': 0, 'mode': 0, 'throttle': 0}
2026-06-06 00:13:41,897 [INFO] server: [ESP32] {'type': 'status', 'armed': 0, 'mode': 0, 'throttle': 0}
2026-06-06 00:13:43,897 [INFO] server: [ESP32] {'type': 'status', 'armed': 0, 'mode': 0, 'throttle': 0}
2026-06-06 00:13:45,897 [INFO] server: [ESP32] {'type': 'status', 'armed': 0, 'mode': 0, 'throttle': 0}
2026-06-06 00:13:47,897 [INFO] server: [ESP32] {'type': 'status', 'armed': 0, 'mode': 0, 'throttle': 0}
2026-06-06 00:13:49,897 [INFO] server: [ESP32] {'type': 'status', 'armed': 0, 'mode': 0, 'throttle': 0}
2026-06-06 00:13:51,897 [INFO] server: [ESP32] {'type': 'status', 'armed': 0, 'mode': 0, 'throttle': 0}
2026-06-06 00:13:53,896 [INFO] server: [ESP32] {'type': 'status', 'armed': 0, 'mode': 0, 'throttle': 0}
2026-06-06 00:13:55,896 [INFO] server: [ESP32] {'type': 'status', 'armed': 0, 'mode': 0, 'throttle': 0}
2026-06-06 00:13:57,896 [INFO] server: [ESP32] {'type': 'status', 'armed': 0, 'mode': 0, 'throttle': 0}
2026-06-06 00:13:59,896 [INFO] server: [ESP32] {'type': 'status', 'armed': 0, 'mode': 0, 'throttle': 0}
2026-06-06 00:14:01,896 [INFO] server: [ESP32] {'type': 'status', 'armed': 0, 'mode': 0, 'throttle': 0}
2026-06-06 00:14:03,895 [INFO] server: [ESP32] {'type': 'status', 'armed': 0, 'mode': 0, 'throttle': 0}
2026-06-06 00:14:05,895 [INFO] server: [ESP32] {'type': 'status', 'armed': 0, 'mode': 0, 'throttle': 0}
2026-06-06 00:14:07,896 [INFO] server: [ESP32] {'type': 'status', 'armed': 0, 'mode': 0, 'throttle': 0}
2026-06-06 00:14:09,895 [INFO] server: [ESP32] {'type': 'status', 'armed': 0, 'mode': 0, 'throttle': 0}
2026-06-06 00:14:11,895 [INFO] server: [ESP32] {'type': 'status', 'armed': 0, 'mode': 0, 'throttle': 0}
2026-06-06 00:14:13,896 [INFO] server: [ESP32] {'type': 'status', 'armed': 0, 'mode': 0, 'throttle': 0}
2026-06-06 00:14:15,895 [INFO] server: [ESP32] {'type': 'status', 'armed': 0, 'mode': 0, 'throttle': 0}
2026-06-06 00:14:17,895 [INFO] server: [ESP32] {'type': 'status', 'armed': 0, 'mode': 0, 'throttle': 0}
2026-06-06 00:14:19,898 [INFO] server: [ESP32] {'type': 'status', 'armed': 0, 'mode': 0, 'throttle': 0}
2026-06-06 00:14:21,895 [INFO] server: [ESP32] {'type': 'status', 'armed': 0, 'mode': 0, 'throttle': 0}
2026-06-06 00:14:23,895 [INFO] server: [ESP32] {'type': 'status', 'armed': 0, 'mode': 0, 'throttle': 0}
2026-06-06 00:14:25,896 [INFO] server: [ESP32] {'type': 'status', 'armed': 0, 'mode': 0, 'throttle': 0}
2026-06-06 00:14:27,897 [INFO] server: [ESP32] {'type': 'status', 'armed': 0, 'mode': 0, 'throttle': 0}
2026-06-06 00:14:29,895 [INFO] server: [ESP32] {'type': 'status', 'armed': 0, 'mode': 0, 'throttle': 0}
2026-06-06 00:14:31,902 [INFO] server: [ESP32] {'type': 'status', 'armed': 0, 'mode': 0, 'throttle': 0}
2026-06-06 00:14:33,898 [INFO] server: [ESP32] {'type': 'status', 'armed': 0, 'mode': 0, 'throttle': 0}
2026-06-06 00:14:35,898 [INFO] server: [ESP32] {'type': 'status', 'armed': 0, 'mode': 0, 'throttle': 0}
2026-06-06 00:14:37,898 [INFO] server: [ESP32] {'type': 'status', 'armed': 0, 'mode': 0, 'throttle': 0}
2026-06-06 00:14:39,898 [INFO] server: [ESP32] {'type': 'status', 'armed': 0, 'mode': 0, 'throttle': 0}
2026-06-06 00:14:41,897 [INFO] server: [ESP32] {'type': 'status', 'armed': 0, 'mode': 0, 'throttle': 0}
2026-06-06 00:14:43,897 [INFO] server: [ESP32] {'type': 'status', 'armed': 0, 'mode': 0, 'throttle': 0}
2026-06-06 00:14:45,897 [INFO] server: [ESP32] {'type': 'status', 'armed': 0, 'mode': 0, 'throttle': 0}
2026-06-06 00:14:47,897 [INFO] server: [ESP32] {'type': 'status', 'armed': 0, 'mode': 0, 'throttle': 0}
2026-06-06 00:14:49,900 [INFO] server: [ESP32] {'type': 'status', 'armed': 0, 'mode': 0, 'throttle': 0}
2026-06-06 00:14:51,897 [INFO] server: [ESP32] {'type': 'status', 'armed': 0, 'mode': 0, 'throttle': 0}
2026-06-06 00:14:53,898 [INFO] server: [ESP32] {'type': 'status', 'armed': 0, 'mode': 0, 'throttle': 0}
2026-06-06 00:14:55,898 [INFO] server: [ESP32] {'type': 'status', 'armed': 0, 'mode': 0, 'throttle': 0}
2026-06-06 00:14:57,896 [INFO] server: [ESP32] {'type': 'status', 'armed': 0, 'mode': 0, 'throttle': 0}
2026-06-06 00:14:59,897 [INFO] server: [ESP32] {'type': 'status', 'armed': 0, 'mode': 0, 'throttle': 0}
2026-06-06 00:15:01,896 [INFO] server: [ESP32] {'type': 'status', 'armed': 0, 'mode': 0, 'throttle': 0}
2026-06-06 00:15:03,898 [INFO] server: [ESP32] {'type': 'status', 'armed': 0, 'mode': 0, 'throttle': 0}
2026-06-06 00:15:05,897 [INFO] server: [ESP32] {'type': 'status', 'armed': 0, 'mode': 0, 'throttle': 0}
2026-06-06 00:15:07,897 [INFO] server: [ESP32] {'type': 'status', 'armed': 0, 'mode': 0, 'throttle': 0}
2026-06-06 00:15:09,897 [INFO] server: [ESP32] {'type': 'status', 'armed': 0, 'mode': 0, 'throttle': 0}
2026-06-06 00:15:11,896 [INFO] server: [ESP32] {'type': 'status', 'armed': 0, 'mode': 0, 'throttle': 0}
2026-06-06 00:15:13,896 [INFO] server: [ESP32] {'type': 'status', 'armed': 0, 'mode': 0, 'throttle': 0}
2026-06-06 00:15:15,897 [INFO] server: [ESP32] {'type': 'status', 'armed': 0, 'mode': 0, 'throttle': 0}
2026-06-06 00:15:17,899 [INFO] server: [ESP32] {'type': 'status', 'armed': 0, 'mode': 0, 'throttle': 0}
2026-06-06 00:15:19,898 [INFO] server: [ESP32] {'type': 'status', 'armed': 0, 'mode': 0, 'throttle': 0}
2026-06-06 00:15:21,897 [INFO] server: [ESP32] {'type': 'status', 'armed': 0, 'mode': 0, 'throttle': 0}
2026-06-06 00:15:23,897 [INFO] server: [ESP32] {'type': 'status', 'armed': 0, 'mode': 0, 'throttle': 0}
2026-06-06 00:15:25,897 [INFO] server: [ESP32] {'type': 'status', 'armed': 0, 'mode': 0, 'throttle': 0}
2026-06-06 00:15:27,900 [INFO] server: [ESP32] {'type': 'status', 'armed': 0, 'mode': 0, 'throttle': 0}
2026-06-06 00:15:29,896 [INFO] server: [ESP32] {'type': 'status', 'armed': 0, 'mode': 0, 'throttle': 0}
2026-06-06 00:15:31,897 [INFO] server: [ESP32] {'type': 'status', 'armed': 0, 'mode': 0, 'throttle': 0}
2026-06-06 00:15:33,896 [INFO] server: [ESP32] {'type': 'status', 'armed': 0, 'mode': 0, 'throttle': 0}
2026-06-06 00:15:35,897 [INFO] server: [ESP32] {'type': 'status', 'armed': 0, 'mode': 0, 'throttle': 0}
2026-06-06 00:15:37,896 [INFO] server: [ESP32] {'type': 'status', 'armed': 0, 'mode': 0, 'throttle': 0}
2026-06-06 00:15:39,896 [INFO] server: [ESP32] {'type': 'status', 'armed': 0, 'mode': 0, 'throttle': 0}
2026-06-06 00:15:41,896 [INFO] server: [ESP32] {'type': 'status', 'armed': 0, 'mode': 0, 'throttle': 0}
2026-06-06 00:15:43,896 [INFO] server: [ESP32] {'type': 'status', 'armed': 0, 'mode': 0, 'throttle': 0}
2026-06-06 00:15:45,896 [INFO] server: [ESP32] {'type': 'status', 'armed': 0, 'mode': 0, 'throttle': 0}
2026-06-06 00:15:47,896 [INFO] server: [ESP32] {'type': 'status', 'armed': 0, 'mode': 0, 'throttle': 0}
2026-06-06 00:15:49,895 [INFO] server: [ESP32] {'type': 'status', 'armed': 0, 'mode': 0, 'throttle': 0}
2026-06-06 00:15:51,896 [INFO] server: [ESP32] {'type': 'status', 'armed': 0, 'mode': 0, 'throttle': 0}
2026-06-06 00:15:53,895 [INFO] server: [ESP32] {'type': 'status', 'armed': 0, 'mode': 0, 'throttle': 0}
2026-06-06 00:15:55,896 [INFO] server: [ESP32] {'type': 'status', 'armed': 0, 'mode': 0, 'throttle': 0}
2026-06-06 00:15:57,895 [INFO] server: [ESP32] {'type': 'status', 'armed': 0, 'mode': 0, 'throttle': 0}
2026-06-06 00:15:59,897 [INFO] server: [ESP32] {'type': 'status', 'armed': 0, 'mode': 0, 'throttle': 0}
2026-06-06 00:16:01,895 [INFO] server: [ESP32] {'type': 'status', 'armed': 0, 'mode': 0, 'throttle': 0}
2026-06-06 00:16:03,895 [INFO] server: [ESP32] {'type': 'status', 'armed': 0, 'mode': 0, 'throttle': 0}
2026-06-06 00:16:05,896 [INFO] server: [ESP32] {'type': 'status', 'armed': 0, 'mode': 0, 'throttle': 0}
2026-06-06 00:16:07,894 [INFO] server: [ESP32] {'type': 'status', 'armed': 0, 'mode': 0, 'throttle': 0}
2026-06-06 00:16:09,895 [INFO] server: [ESP32] {'type': 'status', 'armed': 0, 'mode': 0, 'throttle': 0}
2026-06-06 00:16:11,895 [INFO] server: [ESP32] {'type': 'status', 'armed': 0, 'mode': 0, 'throttle': 0}
2026-06-06 00:16:13,895 [INFO] server: [ESP32] {'type': 'status', 'armed': 0, 'mode': 0, 'throttle': 0}
2026-06-06 00:16:15,896 [INFO] server: [ESP32] {'type': 'status', 'armed': 0, 'mode': 0, 'throttle': 0}
2026-06-06 00:16:17,895 [INFO] server: [ESP32] {'type': 'status', 'armed': 0, 'mode': 0, 'throttle': 0}
2026-06-06 00:16:19,895 [INFO] server: [ESP32] {'type': 'status', 'armed': 0, 'mode': 0, 'throttle': 0}
2026-06-06 00:16:21,895 [INFO] server: [ESP32] {'type': 'status', 'armed': 0, 'mode': 0, 'throttle': 0}
2026-06-06 00:16:23,893 [INFO] server: [ESP32] {'type': 'status', 'armed': 0, 'mode': 0, 'throttle': 0}
2026-06-06 00:16:25,895 [INFO] server: [ESP32] {'type': 'status', 'armed': 0, 'mode': 0, 'throttle': 0}
2026-06-06 00:16:27,895 [INFO] server: [ESP32] {'type': 'status', 'armed': 0, 'mode': 0, 'throttle': 0}
2026-06-06 00:16:29,894 [INFO] server: [ESP32] {'type': 'status', 'armed': 0, 'mode': 0, 'throttle': 0}
2026-06-06 00:16:31,894 [INFO] server: [ESP32] {'type': 'status', 'armed': 0, 'mode': 0, 'throttle': 0}
2026-06-06 00:16:33,895 [INFO] server: [ESP32] {'type': 'status', 'armed': 0, 'mode': 0, 'throttle': 0}
2026-06-06 00:16:35,894 [INFO] server: [ESP32] {'type': 'status', 'armed': 0, 'mode': 0, 'throttle': 0}
2026-06-06 00:16:37,894 [INFO] server: [ESP32] {'type': 'status', 'armed': 0, 'mode': 0, 'throttle': 0}
2026-06-06 00:16:39,895 [INFO] server: [ESP32] {'type': 'status', 'armed': 0, 'mode': 0, 'throttle': 0}
2026-06-06 00:16:41,894 [INFO] server: [ESP32] {'type': 'status', 'armed': 0, 'mode': 0, 'throttle': 0}
2026-06-06 00:16:43,894 [INFO] server: [ESP32] {'type': 'status', 'armed': 0, 'mode': 0, 'throttle': 0}
2026-06-06 00:16:45,894 [INFO] server: [ESP32] {'type': 'status', 'armed': 0, 'mode': 0, 'throttle': 0}
2026-06-06 00:16:47,894 [INFO] server: [ESP32] {'type': 'status', 'armed': 0, 'mode': 0, 'throttle': 0}
2026-06-06 00:16:49,895 [INFO] server: [ESP32] {'type': 'status', 'armed': 0, 'mode': 0, 'throttle': 0}
2026-06-06 00:16:51,894 [INFO] server: [ESP32] {'type': 'status', 'armed': 0, 'mode': 0, 'throttle': 0}
2026-06-06 00:16:53,894 [INFO] server: [ESP32] {'type': 'status', 'armed': 0, 'mode': 0, 'throttle': 0}
2026-06-06 00:16:55,896 [INFO] server: [ESP32] {'type': 'status', 'armed': 0, 'mode': 0, 'throttle': 0}
2026-06-06 00:16:57,898 [INFO] server: [ESP32] {'type': 'status', 'armed': 0, 'mode': 0, 'throttle': 0}
2026-06-06 00:16:59,894 [INFO] server: [ESP32] {'type': 'status', 'armed': 0, 'mode': 0, 'throttle': 0}
2026-06-06 00:17:01,893 [INFO] server: [ESP32] {'type': 'status', 'armed': 0, 'mode': 0, 'throttle': 0}
2026-06-06 00:17:03,896 [INFO] server: [ESP32] {'type': 'status', 'armed': 0, 'mode': 0, 'throttle': 0}
2026-06-06 00:17:05,895 [INFO] server: [ESP32] {'type': 'status', 'armed': 0, 'mode': 0, 'throttle': 0}
2026-06-06 00:17:07,893 [INFO] server: [ESP32] {'type': 'status', 'armed': 0, 'mode': 0, 'throttle': 0}
2026-06-06 00:17:09,895 [INFO] server: [ESP32] {'type': 'status', 'armed': 0, 'mode': 0, 'throttle': 0}
2026-06-06 00:17:11,893 [INFO] server: [ESP32] {'type': 'status', 'armed': 0, 'mode': 0, 'throttle': 0}
2026-06-06 00:17:13,970 [INFO] server: [ESP32] {'type': 'status', 'armed': 0, 'mode': 0, 'throttle': 0}
2026-06-06 00:17:15,973 [INFO] server: [ESP32] {'type': 'status', 'armed': 0, 'mode': 0, 'throttle': 0}
2026-06-06 00:17:18,008 [INFO] server: [ESP32] {'type': 'status', 'armed': 0, 'mode': 0, 'throttle': 0}
2026-06-06 00:17:20,049 [INFO] server: [ESP32] {'type': 'status', 'armed': 0, 'mode': 0, 'throttle': 0}
2026-06-06 00:17:22,065 [INFO] server: [ESP32] {'type': 'status', 'armed': 0, 'mode': 0, 'throttle': 0}
2026-06-06 00:17:24,070 [INFO] server: [ESP32] {'type': 'status', 'armed': 0, 'mode': 0, 'throttle': 0}
2026-06-06 00:17:26,099 [INFO] server: [ESP32] {'type': 'status', 'armed': 0, 'mode': 0, 'throttle': 0}
2026-06-06 00:17:28,135 [INFO] server: [ESP32] {'type': 'status', 'armed': 0, 'mode': 0, 'throttle': 0}
2026-06-06 00:17:30,163 [INFO] server: [ESP32] {'type': 'status', 'armed': 0, 'mode': 0, 'throttle': 0}
2026-06-06 00:17:32,200 [INFO] server: [ESP32] {'type': 'status', 'armed': 0, 'mode': 0, 'throttle': 0}
2026-06-06 00:17:34,212 [INFO] server: [ESP32] {'type': 'status', 'armed': 0, 'mode': 0, 'throttle': 0}
2026-06-06 00:17:36,171 [INFO] server: [ESP32] {'type': 'status', 'armed': 0, 'mode': 0, 'throttle': 0}
2026-06-06 00:17:38,218 [INFO] server: [ESP32] {'type': 'status', 'armed': 0, 'mode': 0, 'throttle': 0}
2026-06-06 00:17:40,255 [INFO] server: [ESP32] {'type': 'status', 'armed': 0, 'mode': 0, 'throttle': 0}
2026-06-06 00:17:42,268 [INFO] server: [ESP32] {'type': 'status', 'armed': 0, 'mode': 0, 'throttle': 0}
2026-06-06 00:17:44,305 [INFO] server: [ESP32] {'type': 'status', 'armed': 0, 'mode': 0, 'throttle': 0}
2026-06-06 00:17:46,341 [INFO] server: [ESP32] {'type': 'status', 'armed': 0, 'mode': 0, 'throttle': 0}
2026-06-06 00:17:48,369 [INFO] server: [ESP32] {'type': 'status', 'armed': 0, 'mode': 0, 'throttle': 0}
2026-06-06 00:17:50,369 [INFO] server: [ESP32] {'type': 'status', 'armed': 0, 'mode': 0, 'throttle': 0}
2026-06-06 00:17:52,412 [INFO] server: [ESP32] {'type': 'status', 'armed': 0, 'mode': 0, 'throttle': 0}
2026-06-06 00:17:54,418 [INFO] server: [ESP32] {'type': 'status', 'armed': 0, 'mode': 0, 'throttle': 0}
2026-06-06 00:17:56,470 [INFO] server: [ESP32] {'type': 'status', 'armed': 0, 'mode': 0, 'throttle': 0}
2026-06-06 00:17:58,484 [INFO] server: [ESP32] {'type': 'status', 'armed': 0, 'mode': 0, 'throttle': 0}
2026-06-06 00:18:00,497 [INFO] server: [ESP32] {'type': 'status', 'armed': 0, 'mode': 0, 'throttle': 0}
2026-06-06 00:18:02,534 [INFO] server: [ESP32] {'type': 'status', 'armed': 0, 'mode': 0, 'throttle': 0}
2026-06-06 00:18:04,547 [INFO] server: [ESP32] {'type': 'status', 'armed': 0, 'mode': 0, 'throttle': 0}
2026-06-06 00:18:06,585 [INFO] server: [ESP32] {'type': 'status', 'armed': 0, 'mode': 0, 'throttle': 0}
2026-06-06 00:18:08,620 [INFO] server: [ESP32] {'type': 'status', 'armed': 0, 'mode': 0, 'throttle': 0}
2026-06-06 00:18:10,633 [INFO] server: [ESP32] {'type': 'status', 'armed': 0, 'mode': 0, 'throttle': 0}
2026-06-06 00:18:12,647 [INFO] server: [ESP32] {'type': 'status', 'armed': 0, 'mode': 0, 'throttle': 0}
2026-06-06 00:18:14,683 [INFO] server: [ESP32] {'type': 'status', 'armed': 0, 'mode': 0, 'throttle': 0}
2026-06-06 00:18:16,668 [INFO] server: [ESP32] {'type': 'status', 'armed': 0, 'mode': 0, 'throttle': 0}
2026-06-06 00:18:18,717 [INFO] server: [ESP32] {'type': 'status', 'armed': 0, 'mode': 0, 'throttle': 0}
2026-06-06 00:18:20,747 [INFO] server: [ESP32] {'type': 'status', 'armed': 0, 'mode': 0, 'throttle': 0}
